2019-03-27 11:09:09,683 [DEBUG] from controllers.AssetsConfiguration in play-dev-mode-akka.actor.default-dispatcher-3 - Using the following cache configuration for assets:
	 enableCaching = false
	 enableCacheControl = false
	 defaultCacheControl = public, max-age=3600
	 aggressiveCacheControl = public, max-age=31536000, immutable
	 configuredCacheControl:


2019-03-27 11:09:09,745 [INFO] from play.api.http.EnabledFilters in play-dev-mode-akka.actor.default-dispatcher-3 - Enabled Filters (see <https://www.playframework.com/documentation/latest/Filters>):

    play.filters.headers.SecurityHeadersFilter
    play.filters.hosts.AllowedHostsFilter
    play.filters.cors.CORSFilter

2019-03-27 11:09:11,251 [INFO] from play.api.Play in play-dev-mode-akka.actor.default-dispatcher-3 - Application started (Dev)
2019-03-27 11:09:14,265 [DEBUG] from controllers.ApplicationController in scala-execution-context-global-487 - Displaying headers :-------------------------------------------------------------------
2019-03-27 11:09:14,370 [DEBUG] from controllers.ApplicationController in scala-execution-context-global-487 - key: Host, value: localhost:4200
2019-03-27 11:09:14,370 [DEBUG] from controllers.ApplicationController in scala-execution-context-global-487 - key: Accept, value: application/json, text/plain, */*
2019-03-27 11:09:14,371 [DEBUG] from controllers.ApplicationController in scala-execution-context-global-487 - key: referer, value: http://localhost:4200/
2019-03-27 11:09:14,372 [DEBUG] from controllers.ApplicationController in scala-execution-context-global-487 - key: Connection, value: close
2019-03-27 11:09:14,373 [DEBUG] from controllers.ApplicationController in scala-execution-context-global-487 - key: user-agent, value: Mozilla/5.0 (Macintosh; Intel Mac OS X 10_14_3) AppleWebKit/537.36 (KHTML, like Gecko) Chrome/72.0.3626.121 Safari/537.36
2019-03-27 11:09:14,373 [DEBUG] from controllers.ApplicationController in scala-execution-context-global-487 - key: x-auth-token, value: eyJ0eXAiOiJKV1QiLCJhbGciOiJIUzI1NiJ9.eyJzdWIiOiIxLUdWNllSOXVPeU9HTHJ4dTFxUFZQWE0rZEVpU3N5WGFrUEg3OExCaWJDQ1Zld1lHNHI3K3d3M0VqTm5jY3hheTRqcDBZMXJcL1doZXliNU1RSUtWWkxWNlwvRzk1QzA0NmtvaXJJZFIrRDI5d3VVb0JUTTE4TFUiLCJpc3MiOiJwbGF5LXNpbGhvdWV0dGUiLCJleHAiOjE1NTM3NDI1NTMsImlhdCI6MTU1MzY5OTM1MywianRpIjoiNmYwYWY3NGNjZDllM2NhMThmYjU5MDk1Y2Y5ZGQ3ZDAyZWJkN2RhZjQ2MGIyNzdhODMxMzkwZTkwODkzNWJjODIxOWExZmMyZGQyYTdiY2I1M2Y2YjFhZTU2MDg5MGYxYWIyNjg3OTkwYmIwZjgzMjZlMDdlN2VkMWNiMWM1ZTRmMzVmNTEzNDI0MzhlNjkwY2FiYjYwZGVjN2Q4MzlhYmNhYmZlZWM5MDZmZTQyNjNkYjczNGRhMmQxYzJhMWU4ZGMxYWM2NDk2ZTM4MWJkNzAxZDIwNjljZjc0MGIzYmZkZmI3N2U4ZTg4MTllOThmZGY4MWRhNTEyYjAzMzZiMSJ9.lssKJzRe7MzNDJyWw-iN5qBKc7aLEw6y3-UhIFrsLjQ
2019-03-27 11:09:14,374 [DEBUG] from controllers.ApplicationController in scala-execution-context-global-487 - key: Remote-Address, value: 127.0.0.1:49584
2019-03-27 11:09:14,374 [DEBUG] from controllers.ApplicationController in scala-execution-context-global-487 - key: Timeout-Access, value: <function1>
2019-03-27 11:09:14,375 [DEBUG] from controllers.ApplicationController in scala-execution-context-global-487 - key: accept-encoding, value: gzip, deflate, br
2019-03-27 11:09:14,375 [DEBUG] from controllers.ApplicationController in scala-execution-context-global-487 - key: accept-language, value: en-US,en;q=0.9,fr;q=0.8
2019-03-27 11:09:14,375 [DEBUG] from controllers.ApplicationController in scala-execution-context-global-487 - key: Raw-Request-URI, value: /api/badPassword
2019-03-27 11:09:14,376 [DEBUG] from controllers.ApplicationController in scala-execution-context-global-487 - key: Tls-Session-Info, value: Session(1553699315738|SSL_NULL_WITH_NULL_NULL)
2019-03-27 11:09:22,309 [DEBUG] from controllers.ApplicationController in scala-execution-context-global-479 - Displaying headers :-------------------------------------------------------------------
2019-03-27 11:09:22,310 [DEBUG] from controllers.ApplicationController in scala-execution-context-global-479 - key: Host, value: localhost:4200
2019-03-27 11:09:22,311 [DEBUG] from controllers.ApplicationController in scala-execution-context-global-479 - key: Accept, value: application/json, text/plain, */*
2019-03-27 11:09:22,311 [DEBUG] from controllers.ApplicationController in scala-execution-context-global-479 - key: referer, value: http://localhost:4200/
2019-03-27 11:09:22,311 [DEBUG] from controllers.ApplicationController in scala-execution-context-global-479 - key: Connection, value: close
2019-03-27 11:09:22,311 [DEBUG] from controllers.ApplicationController in scala-execution-context-global-479 - key: user-agent, value: Mozilla/5.0 (Macintosh; Intel Mac OS X 10_14_3) AppleWebKit/537.36 (KHTML, like Gecko) Chrome/72.0.3626.121 Safari/537.36
2019-03-27 11:09:22,311 [DEBUG] from controllers.ApplicationController in scala-execution-context-global-479 - key: x-auth-token, value: eyJ0eXAiOiJKV1QiLCJhbGciOiJIUzI1NiJ9.eyJzdWIiOiIxLUdWNllSOXVPeU9HTHJ4dTFxUFZQWE0rZEVpU3N5WGFrUEg3OExCaWJDQ1Zld1lHNHI3K3d3M0VqTm5jY3hheTRqcDBZMXJcL1doZXliNU1RSUtWWkxWNlwvRzk1QzA0NmtvaXJJZFIrRDI5d3VVb0JUTTE4TFUiLCJpc3MiOiJwbGF5LXNpbGhvdWV0dGUiLCJleHAiOjE1NTM3NDI1NTMsImlhdCI6MTU1MzY5OTM1MywianRpIjoiNmYwYWY3NGNjZDllM2NhMThmYjU5MDk1Y2Y5ZGQ3ZDAyZWJkN2RhZjQ2MGIyNzdhODMxMzkwZTkwODkzNWJjODIxOWExZmMyZGQyYTdiY2I1M2Y2YjFhZTU2MDg5MGYxYWIyNjg3OTkwYmIwZjgzMjZlMDdlN2VkMWNiMWM1ZTRmMzVmNTEzNDI0MzhlNjkwY2FiYjYwZGVjN2Q4MzlhYmNhYmZlZWM5MDZmZTQyNjNkYjczNGRhMmQxYzJhMWU4ZGMxYWM2NDk2ZTM4MWJkNzAxZDIwNjljZjc0MGIzYmZkZmI3N2U4ZTg4MTllOThmZGY4MWRhNTEyYjAzMzZiMSJ9.lssKJzRe7MzNDJyWw-iN5qBKc7aLEw6y3-UhIFrsLjQ
2019-03-27 11:09:22,311 [DEBUG] from controllers.ApplicationController in scala-execution-context-global-479 - key: Remote-Address, value: 127.0.0.1:49591
2019-03-27 11:09:22,311 [DEBUG] from controllers.ApplicationController in scala-execution-context-global-479 - key: Timeout-Access, value: <function1>
2019-03-27 11:09:22,311 [DEBUG] from controllers.ApplicationController in scala-execution-context-global-479 - key: accept-encoding, value: gzip, deflate, br
2019-03-27 11:09:22,311 [DEBUG] from controllers.ApplicationController in scala-execution-context-global-479 - key: accept-language, value: en-US,en;q=0.9,fr;q=0.8
2019-03-27 11:09:22,311 [DEBUG] from controllers.ApplicationController in scala-execution-context-global-479 - key: Raw-Request-URI, value: /api/badPassword
2019-03-27 11:09:22,311 [DEBUG] from controllers.ApplicationController in scala-execution-context-global-479 - key: Tls-Session-Info, value: Session(1553699315738|SSL_NULL_WITH_NULL_NULL)
2019-03-27 11:09:24,702 [DEBUG] from controllers.ApplicationController in scala-execution-context-global-486 - Displaying headers :-------------------------------------------------------------------
2019-03-27 11:09:24,704 [DEBUG] from controllers.ApplicationController in scala-execution-context-global-486 - key: Host, value: localhost:4200
2019-03-27 11:09:24,704 [DEBUG] from controllers.ApplicationController in scala-execution-context-global-486 - key: Accept, value: application/json, text/plain, */*
2019-03-27 11:09:24,704 [DEBUG] from controllers.ApplicationController in scala-execution-context-global-486 - key: referer, value: http://localhost:4200/
2019-03-27 11:09:24,704 [DEBUG] from controllers.ApplicationController in scala-execution-context-global-486 - key: Connection, value: close
2019-03-27 11:09:24,704 [DEBUG] from controllers.ApplicationController in scala-execution-context-global-486 - key: user-agent, value: Mozilla/5.0 (Macintosh; Intel Mac OS X 10_14_3) AppleWebKit/537.36 (KHTML, like Gecko) Chrome/72.0.3626.121 Safari/537.36
2019-03-27 11:09:24,704 [DEBUG] from controllers.ApplicationController in scala-execution-context-global-486 - key: x-auth-token, value: eyJ0eXAiOiJKV1QiLCJhbGciOiJIUzI1NiJ9.eyJzdWIiOiIxLUdWNllSOXVPeU9HTHJ4dTFxUFZQWE0rZEVpU3N5WGFrUEg3OExCaWJDQ1Zld1lHNHI3K3d3M0VqTm5jY3hheTRqcDBZMXJcL1doZXliNU1RSUtWWkxWNlwvRzk1QzA0NmtvaXJJZFIrRDI5d3VVb0JUTTE4TFUiLCJpc3MiOiJwbGF5LXNpbGhvdWV0dGUiLCJleHAiOjE1NTM3NDI1NTMsImlhdCI6MTU1MzY5OTM1MywianRpIjoiNmYwYWY3NGNjZDllM2NhMThmYjU5MDk1Y2Y5ZGQ3ZDAyZWJkN2RhZjQ2MGIyNzdhODMxMzkwZTkwODkzNWJjODIxOWExZmMyZGQyYTdiY2I1M2Y2YjFhZTU2MDg5MGYxYWIyNjg3OTkwYmIwZjgzMjZlMDdlN2VkMWNiMWM1ZTRmMzVmNTEzNDI0MzhlNjkwY2FiYjYwZGVjN2Q4MzlhYmNhYmZlZWM5MDZmZTQyNjNkYjczNGRhMmQxYzJhMWU4ZGMxYWM2NDk2ZTM4MWJkNzAxZDIwNjljZjc0MGIzYmZkZmI3N2U4ZTg4MTllOThmZGY4MWRhNTEyYjAzMzZiMSJ9.lssKJzRe7MzNDJyWw-iN5qBKc7aLEw6y3-UhIFrsLjQ
2019-03-27 11:09:24,704 [DEBUG] from controllers.ApplicationController in scala-execution-context-global-486 - key: Remote-Address, value: 127.0.0.1:49597
2019-03-27 11:09:24,704 [DEBUG] from controllers.ApplicationController in scala-execution-context-global-486 - key: Timeout-Access, value: <function1>
2019-03-27 11:09:24,704 [DEBUG] from controllers.ApplicationController in scala-execution-context-global-486 - key: accept-encoding, value: gzip, deflate, br
2019-03-27 11:09:24,704 [DEBUG] from controllers.ApplicationController in scala-execution-context-global-486 - key: accept-language, value: en-US,en;q=0.9,fr;q=0.8
2019-03-27 11:09:24,704 [DEBUG] from controllers.ApplicationController in scala-execution-context-global-486 - key: Raw-Request-URI, value: /api/badPassword
2019-03-27 11:09:24,704 [DEBUG] from controllers.ApplicationController in scala-execution-context-global-486 - key: Tls-Session-Info, value: Session(1553699315738|SSL_NULL_WITH_NULL_NULL)
